TN:
SF:src/repositories/database/archive/archiveRepository.ts
FN:6,(anonymous_0)
FN:11,(anonymous_1)
FN:15,(anonymous_2)
FN:29,(anonymous_3)
FN:49,(anonymous_4)
FN:59,(anonymous_5)
FNF:6
FNH:2
FNDA:0,(anonymous_0)
FNDA:1,(anonymous_1)
FNDA:1,(anonymous_2)
FNDA:0,(anonymous_3)
FNDA:0,(anonymous_4)
FNDA:0,(anonymous_5)
DA:3,1
DA:5,1
DA:7,0
DA:12,1
DA:16,1
DA:17,0
DA:20,1
DA:21,1
DA:22,1
DA:23,1
DA:25,0
DA:30,0
DA:31,0
DA:34,0
DA:35,0
DA:36,0
DA:37,0
DA:38,0
DA:39,0
DA:40,0
DA:41,0
DA:42,0
DA:43,0
DA:45,0
DA:50,0
DA:51,0
DA:52,0
DA:53,0
DA:55,0
DA:60,0
DA:61,0
DA:62,0
DA:64,0
LF:33
LH:8
BRDA:16,0,0,0
BRDA:30,1,0,0
BRDA:30,2,0,0
BRDA:30,2,1,0
BRF:4
BRH:0
end_of_record
TN:
SF:src/services/archive/archivesService.ts
FN:8,(anonymous_0)
FN:12,(anonymous_1)
FN:17,(anonymous_2)
FN:21,(anonymous_3)
FN:25,(anonymous_4)
FNF:5
FNH:2
FNDA:2,(anonymous_0)
FNDA:2,(anonymous_1)
FNDA:0,(anonymous_2)
FNDA:0,(anonymous_3)
FNDA:0,(anonymous_4)
DA:5,1
DA:9,2
DA:13,2
DA:14,2
DA:18,0
DA:22,0
DA:26,0
LF:7
LH:4
BRF:0
BRH:0
end_of_record
TN:
SF:src/services/outerdateselect/youtubeArchiveService.ts
FN:9,(anonymous_0)
FN:14,(anonymous_1)
FN:23,(anonymous_2)
FN:41,(anonymous_3)
FNF:4
FNH:4
FNDA:1,(anonymous_0)
FNDA:1,(anonymous_1)
FNDA:1,(anonymous_2)
FNDA:1,(anonymous_3)
DA:5,1
DA:10,1
DA:11,1
DA:16,1
DA:17,1
DA:19,1
DA:20,0
DA:23,1
DA:25,1
DA:27,1
DA:28,1
DA:29,1
DA:31,1
DA:40,1
DA:41,1
DA:42,1
DA:43,1
DA:46,1
DA:49,0
LF:19
LH:17
BRDA:19,0,0,0
BRDA:29,1,0,0
BRDA:40,2,0,1
BRF:3
BRH:1
end_of_record
TN:
SF:src/tests/utils/DataBase/database.ts
FN:5,createDBConnection
FNF:1
FNH:1
FNDA:3,createDBConnection
DA:1,2
DA:2,2
DA:3,2
DA:5,2
DA:6,3
DA:8,3
DA:16,3
DA:17,0
DA:20,3
DA:21,3
DA:29,3
DA:31,0
DA:32,0
LF:13
LH:10
BRDA:16,0,0,0
BRDA:16,1,0,3
BRDA:16,1,1,3
BRDA:16,1,2,3
BRDA:16,1,3,3
BRDA:16,1,4,3
BRF:6
BRH:5
end_of_record
TN:
SF:src/tests/utils/DataBase/index.ts
FN:1,(anonymous_0)
FNF:1
FNH:1
FNDA:2,(anonymous_0)
DA:1,3
LF:1
LH:1
BRF:0
BRH:0
end_of_record
TN:
SF:src/tests/utils/testData/createArchiveTestData.ts
FN:6,createArchiveTestData
FNF:1
FNH:1
FNDA:2,createArchiveTestData
DA:3,2
DA:4,2
DA:6,2
DA:7,2
DA:8,2
DA:10,2
DA:11,10
DA:19,10
DA:21,10
DA:22,10
DA:23,10
DA:24,10
DA:25,10
DA:26,10
DA:28,0
DA:29,0
DA:31,10
DA:32,10
DA:34,2
LF:19
LH:17
BRF:0
BRH:0
end_of_record
TN:
SF:src/utils/error.ts
FN:2,(anonymous_0)
FNF:1
FNH:0
FNDA:0,(anonymous_0)
DA:3,0
DA:5,0
DA:6,0
DA:10,1
DA:11,1
LF:5
LH:2
BRF:0
BRH:0
end_of_record
