TN:
SF:src/repositories/database/archive/archiveRepository.ts
FN:7,(anonymous_0)
FN:11,(anonymous_1)
FNF:2
FNH:2
FNDA:1,(anonymous_0)
FNDA:1,(anonymous_1)
DA:3,1
DA:4,1
DA:8,1
DA:12,1
DA:13,0
DA:16,1
DA:17,1
DA:18,1
DA:19,1
DA:21,0
LF:10
LH:8
BRDA:12,0,0,0
BRF:1
BRH:0
end_of_record
TN:
SF:src/services/archive/archivesService.ts
FN:8,(anonymous_0)
FN:12,(anonymous_1)
FNF:2
FNH:2
FNDA:2,(anonymous_0)
FNDA:2,(anonymous_1)
DA:5,1
DA:9,2
DA:13,2
DA:14,2
LF:4
LH:4
BRF:0
BRH:0
end_of_record
TN:
SF:src/tests/utils/DataBase/database.ts
FN:5,createDBConnection
FNF:1
FNH:1
FNDA:3,createDBConnection
DA:1,2
DA:2,2
DA:3,2
DA:5,2
DA:6,3
DA:8,3
DA:16,3
DA:17,0
DA:20,3
DA:21,3
DA:29,3
DA:31,0
DA:32,0
LF:13
LH:10
BRDA:16,0,0,0
BRDA:16,1,0,3
BRDA:16,1,1,3
BRDA:16,1,2,3
BRDA:16,1,3,3
BRDA:16,1,4,3
BRF:6
BRH:5
end_of_record
TN:
SF:src/tests/utils/DataBase/index.ts
FN:1,(anonymous_0)
FNF:1
FNH:1
FNDA:2,(anonymous_0)
DA:1,3
LF:1
LH:1
BRF:0
BRH:0
end_of_record
TN:
SF:src/tests/utils/testData/createArchiveTestData.ts
FN:6,createArchiveTestData
FNF:1
FNH:1
FNDA:2,createArchiveTestData
DA:3,2
DA:4,2
DA:6,2
DA:7,2
DA:8,2
DA:10,2
DA:11,10
DA:19,10
DA:21,10
DA:22,10
DA:23,10
DA:24,10
DA:25,10
DA:26,10
DA:28,0
DA:29,0
DA:31,10
DA:32,10
DA:34,2
LF:19
LH:17
BRF:0
BRH:0
end_of_record
TN:
SF:src/utils/error.ts
FN:2,(anonymous_0)
FNF:1
FNH:0
FNDA:0,(anonymous_0)
DA:3,0
DA:5,0
DA:6,0
DA:10,1
DA:11,1
LF:5
LH:2
BRF:0
BRH:0
end_of_record
